<?xml version="1.0" encoding="UTF-8"?>
<testsuite xmlns:xsi="http://www.w3.org/2001/XMLSchema-instance" xsi:noNamespaceSchemaLocation="https://maven.apache.org/surefire/maven-surefire-plugin/xsd/surefire-test-report.xsd" name="com.example.blade.AppTest" time="0.08" tests="1" errors="0" skipped="0" failures="0">
  <properties>
    <property name="sun.desktop" value="windows"/>
    <property name="awt.toolkit" value="sun.awt.windows.WToolkit"/>
    <property name="java.specification.version" value="11"/>
    <property name="sun.cpu.isalist" value="amd64"/>
    <property name="sun.jnu.encoding" value="Cp1252"/>
    <property name="java.class.path" value="C:\Users\stive\Documents\GitHub\Servicio_Blade\target\test-classes;C:\Users\stive\Documents\GitHub\Servicio_Blade\target\classes;C:\Users\stive\.m2\repository\junit\junit\4.11\junit-4.11.jar;C:\Users\stive\.m2\repository\org\hamcrest\hamcrest-core\1.3\hamcrest-core-1.3.jar;C:\Users\stive\.m2\repository\com\hellokaton\blade-core\2.1.2.RELEASE\blade-core-2.1.2.RELEASE.jar;C:\Users\stive\.m2\repository\com\hellokaton\blade-kit\2.1.2.RELEASE\blade-kit-2.1.2.RELEASE.jar;C:\Users\stive\.m2\repository\com\hellokaton\blade-asm\0.1.1\blade-asm-0.1.1.jar;C:\Users\stive\.m2\repository\com\google\code\gson\gson\2.9.0\gson-2.9.0.jar;C:\Users\stive\.m2\repository\com\hellokaton\blade-log\0.2.0\blade-log-0.2.0.jar;C:\Users\stive\.m2\repository\org\slf4j\slf4j-api\1.7.36\slf4j-api-1.7.36.jar;C:\Users\stive\.m2\repository\io\netty\netty-codec-http\4.1.76.Final\netty-codec-http-4.1.76.Final.jar;C:\Users\stive\.m2\repository\io\netty\netty-common\4.1.76.Final\netty-common-4.1.76.Final.jar;C:\Users\stive\.m2\repository\io\netty\netty-buffer\4.1.76.Final\netty-buffer-4.1.76.Final.jar;C:\Users\stive\.m2\repository\io\netty\netty-transport\4.1.76.Final\netty-transport-4.1.76.Final.jar;C:\Users\stive\.m2\repository\io\netty\netty-codec\4.1.76.Final\netty-codec-4.1.76.Final.jar;C:\Users\stive\.m2\repository\io\netty\netty-handler\4.1.76.Final\netty-handler-4.1.76.Final.jar;C:\Users\stive\.m2\repository\io\netty\netty-resolver\4.1.76.Final\netty-resolver-4.1.76.Final.jar;C:\Users\stive\.m2\repository\org\projectlombok\lombok\1.18.30\lombok-1.18.30.jar;C:\Users\stive\.m2\repository\com\hellokaton\blade-template-jetbrick\0.2.1\blade-template-jetbrick-0.2.1.jar;C:\Users\stive\.m2\repository\com\github\subchen\jetbrick-template\2.1.10\jetbrick-template-2.1.10.jar;C:\Users\stive\.m2\repository\com\github\subchen\jetbrick-commons\2.1.9\jetbrick-commons-2.1.9.jar;C:\Users\stive\.m2\repository\com\squareup\okhttp3\okhttp\4.12.0\okhttp-4.12.0.jar;C:\Users\stive\.m2\repository\com\squareup\okio\okio\3.6.0\okio-3.6.0.jar;C:\Users\stive\.m2\repository\com\squareup\okio\okio-jvm\3.6.0\okio-jvm-3.6.0.jar;C:\Users\stive\.m2\repository\org\jetbrains\kotlin\kotlin-stdlib-common\1.9.10\kotlin-stdlib-common-1.9.10.jar;C:\Users\stive\.m2\repository\org\jetbrains\kotlin\kotlin-stdlib-jdk8\1.8.21\kotlin-stdlib-jdk8-1.8.21.jar;C:\Users\stive\.m2\repository\org\jetbrains\kotlin\kotlin-stdlib\1.8.21\kotlin-stdlib-1.8.21.jar;C:\Users\stive\.m2\repository\org\jetbrains\annotations\13.0\annotations-13.0.jar;C:\Users\stive\.m2\repository\org\jetbrains\kotlin\kotlin-stdlib-jdk7\1.8.21\kotlin-stdlib-jdk7-1.8.21.jar;C:\Users\stive\.m2\repository\com\squareup\moshi\moshi\1.15.0\moshi-1.15.0.jar;C:\Users\stive\.m2\repository\org\hibernate\orm\hibernate-core\6.0.2.Final\hibernate-core-6.0.2.Final.jar;C:\Users\stive\.m2\repository\jakarta\transaction\jakarta.transaction-api\2.0.0\jakarta.transaction-api-2.0.0.jar;C:\Users\stive\.m2\repository\org\jboss\logging\jboss-logging\3.4.3.Final\jboss-logging-3.4.3.Final.jar;C:\Users\stive\.m2\repository\org\hibernate\common\hibernate-commons-annotations\6.0.1.Final\hibernate-commons-annotations-6.0.1.Final.jar;C:\Users\stive\.m2\repository\org\jboss\jandex\2.4.2.Final\jandex-2.4.2.Final.jar;C:\Users\stive\.m2\repository\com\fasterxml\classmate\1.5.1\classmate-1.5.1.jar;C:\Users\stive\.m2\repository\net\bytebuddy\byte-buddy\1.12.9\byte-buddy-1.12.9.jar;C:\Users\stive\.m2\repository\jakarta\xml\bind\jakarta.xml.bind-api\3.0.1\jakarta.xml.bind-api-3.0.1.jar;C:\Users\stive\.m2\repository\com\sun\activation\jakarta.activation\2.0.1\jakarta.activation-2.0.1.jar;C:\Users\stive\.m2\repository\org\glassfish\jaxb\jaxb-runtime\3.0.2\jaxb-runtime-3.0.2.jar;C:\Users\stive\.m2\repository\org\glassfish\jaxb\jaxb-core\3.0.2\jaxb-core-3.0.2.jar;C:\Users\stive\.m2\repository\org\glassfish\jaxb\txw2\3.0.2\txw2-3.0.2.jar;C:\Users\stive\.m2\repository\com\sun\istack\istack-commons-runtime\4.0.1\istack-commons-runtime-4.0.1.jar;C:\Users\stive\.m2\repository\jakarta\inject\jakarta.inject-api\2.0.0\jakarta.inject-api-2.0.0.jar;C:\Users\stive\.m2\repository\org\antlr\antlr4-runtime\4.10\antlr4-runtime-4.10.jar;C:\Users\stive\.m2\repository\com\mysql\mysql-connector-j\8.0.32\mysql-connector-j-8.0.32.jar;C:\Users\stive\.m2\repository\com\google\protobuf\protobuf-java\3.21.9\protobuf-java-3.21.9.jar;C:\Users\stive\.m2\repository\jakarta\persistence\jakarta.persistence-api\3.1.0\jakarta.persistence-api-3.1.0.jar;"/>
    <property name="java.vm.vendor" value="Oracle Corporation"/>
    <property name="sun.arch.data.model" value="64"/>
    <property name="user.variant" value=""/>
    <property name="java.vendor.url" value="http://java.oracle.com/"/>
    <property name="user.timezone" value="Europe/Paris"/>
    <property name="java.vm.specification.version" value="11"/>
    <property name="os.name" value="Windows 10"/>
    <property name="sun.java.launcher" value="SUN_STANDARD"/>
    <property name="user.country" value="ES"/>
    <property name="sun.boot.library.path" value="C:\Users\stive\Downloads\openjdk-11.0.0.2_windows-x64\jdk-11.0.0.2\bin"/>
    <property name="sun.java.command" value="C:\Users\stive\AppData\Local\Temp\surefire2041843280805747840\surefirebooter15829643430431463483.jar C:\Users\stive\AppData\Local\Temp\surefire2041843280805747840 2025-02-11T20-05-21_935-jvmRun1 surefire12679045050180703190tmp surefire_09117324280714791768tmp"/>
    <property name="jdk.debug" value="release"/>
    <property name="surefire.test.class.path" value="C:\Users\stive\Documents\GitHub\Servicio_Blade\target\test-classes;C:\Users\stive\Documents\GitHub\Servicio_Blade\target\classes;C:\Users\stive\.m2\repository\junit\junit\4.11\junit-4.11.jar;C:\Users\stive\.m2\repository\org\hamcrest\hamcrest-core\1.3\hamcrest-core-1.3.jar;C:\Users\stive\.m2\repository\com\hellokaton\blade-core\2.1.2.RELEASE\blade-core-2.1.2.RELEASE.jar;C:\Users\stive\.m2\repository\com\hellokaton\blade-kit\2.1.2.RELEASE\blade-kit-2.1.2.RELEASE.jar;C:\Users\stive\.m2\repository\com\hellokaton\blade-asm\0.1.1\blade-asm-0.1.1.jar;C:\Users\stive\.m2\repository\com\google\code\gson\gson\2.9.0\gson-2.9.0.jar;C:\Users\stive\.m2\repository\com\hellokaton\blade-log\0.2.0\blade-log-0.2.0.jar;C:\Users\stive\.m2\repository\org\slf4j\slf4j-api\1.7.36\slf4j-api-1.7.36.jar;C:\Users\stive\.m2\repository\io\netty\netty-codec-http\4.1.76.Final\netty-codec-http-4.1.76.Final.jar;C:\Users\stive\.m2\repository\io\netty\netty-common\4.1.76.Final\netty-common-4.1.76.Final.jar;C:\Users\stive\.m2\repository\io\netty\netty-buffer\4.1.76.Final\netty-buffer-4.1.76.Final.jar;C:\Users\stive\.m2\repository\io\netty\netty-transport\4.1.76.Final\netty-transport-4.1.76.Final.jar;C:\Users\stive\.m2\repository\io\netty\netty-codec\4.1.76.Final\netty-codec-4.1.76.Final.jar;C:\Users\stive\.m2\repository\io\netty\netty-handler\4.1.76.Final\netty-handler-4.1.76.Final.jar;C:\Users\stive\.m2\repository\io\netty\netty-resolver\4.1.76.Final\netty-resolver-4.1.76.Final.jar;C:\Users\stive\.m2\repository\org\projectlombok\lombok\1.18.30\lombok-1.18.30.jar;C:\Users\stive\.m2\repository\com\hellokaton\blade-template-jetbrick\0.2.1\blade-template-jetbrick-0.2.1.jar;C:\Users\stive\.m2\repository\com\github\subchen\jetbrick-template\2.1.10\jetbrick-template-2.1.10.jar;C:\Users\stive\.m2\repository\com\github\subchen\jetbrick-commons\2.1.9\jetbrick-commons-2.1.9.jar;C:\Users\stive\.m2\repository\com\squareup\okhttp3\okhttp\4.12.0\okhttp-4.12.0.jar;C:\Users\stive\.m2\repository\com\squareup\okio\okio\3.6.0\okio-3.6.0.jar;C:\Users\stive\.m2\repository\com\squareup\okio\okio-jvm\3.6.0\okio-jvm-3.6.0.jar;C:\Users\stive\.m2\repository\org\jetbrains\kotlin\kotlin-stdlib-common\1.9.10\kotlin-stdlib-common-1.9.10.jar;C:\Users\stive\.m2\repository\org\jetbrains\kotlin\kotlin-stdlib-jdk8\1.8.21\kotlin-stdlib-jdk8-1.8.21.jar;C:\Users\stive\.m2\repository\org\jetbrains\kotlin\kotlin-stdlib\1.8.21\kotlin-stdlib-1.8.21.jar;C:\Users\stive\.m2\repository\org\jetbrains\annotations\13.0\annotations-13.0.jar;C:\Users\stive\.m2\repository\org\jetbrains\kotlin\kotlin-stdlib-jdk7\1.8.21\kotlin-stdlib-jdk7-1.8.21.jar;C:\Users\stive\.m2\repository\com\squareup\moshi\moshi\1.15.0\moshi-1.15.0.jar;C:\Users\stive\.m2\repository\org\hibernate\orm\hibernate-core\6.0.2.Final\hibernate-core-6.0.2.Final.jar;C:\Users\stive\.m2\repository\jakarta\transaction\jakarta.transaction-api\2.0.0\jakarta.transaction-api-2.0.0.jar;C:\Users\stive\.m2\repository\org\jboss\logging\jboss-logging\3.4.3.Final\jboss-logging-3.4.3.Final.jar;C:\Users\stive\.m2\repository\org\hibernate\common\hibernate-commons-annotations\6.0.1.Final\hibernate-commons-annotations-6.0.1.Final.jar;C:\Users\stive\.m2\repository\org\jboss\jandex\2.4.2.Final\jandex-2.4.2.Final.jar;C:\Users\stive\.m2\repository\com\fasterxml\classmate\1.5.1\classmate-1.5.1.jar;C:\Users\stive\.m2\repository\net\bytebuddy\byte-buddy\1.12.9\byte-buddy-1.12.9.jar;C:\Users\stive\.m2\repository\jakarta\xml\bind\jakarta.xml.bind-api\3.0.1\jakarta.xml.bind-api-3.0.1.jar;C:\Users\stive\.m2\repository\com\sun\activation\jakarta.activation\2.0.1\jakarta.activation-2.0.1.jar;C:\Users\stive\.m2\repository\org\glassfish\jaxb\jaxb-runtime\3.0.2\jaxb-runtime-3.0.2.jar;C:\Users\stive\.m2\repository\org\glassfish\jaxb\jaxb-core\3.0.2\jaxb-core-3.0.2.jar;C:\Users\stive\.m2\repository\org\glassfish\jaxb\txw2\3.0.2\txw2-3.0.2.jar;C:\Users\stive\.m2\repository\com\sun\istack\istack-commons-runtime\4.0.1\istack-commons-runtime-4.0.1.jar;C:\Users\stive\.m2\repository\jakarta\inject\jakarta.inject-api\2.0.0\jakarta.inject-api-2.0.0.jar;C:\Users\stive\.m2\repository\org\antlr\antlr4-runtime\4.10\antlr4-runtime-4.10.jar;C:\Users\stive\.m2\repository\com\mysql\mysql-connector-j\8.0.32\mysql-connector-j-8.0.32.jar;C:\Users\stive\.m2\repository\com\google\protobuf\protobuf-java\3.21.9\protobuf-java-3.21.9.jar;C:\Users\stive\.m2\repository\jakarta\persistence\jakarta.persistence-api\3.1.0\jakarta.persistence-api-3.1.0.jar;"/>
    <property name="sun.cpu.endian" value="little"/>
    <property name="user.home" value="C:\Users\stive"/>
    <property name="user.language" value="es"/>
    <property name="java.specification.vendor" value="Oracle Corporation"/>
    <property name="java.version.date" value="2024-07-02"/>
    <property name="java.home" value="C:\Users\stive\Downloads\openjdk-11.0.0.2_windows-x64\jdk-11.0.0.2"/>
    <property name="file.separator" value="\"/>
    <property name="basedir" value="C:\Users\stive\Documents\GitHub\Servicio_Blade"/>
    <property name="java.vm.compressedOopsMode" value="32-bit"/>
    <property name="line.separator" value="&#10;"/>
    <property name="java.specification.name" value="Java Platform API Specification"/>
    <property name="java.vm.specification.vendor" value="Oracle Corporation"/>
    <property name="java.awt.graphicsenv" value="sun.awt.Win32GraphicsEnvironment"/>
    <property name="surefire.real.class.path" value="C:\Users\stive\AppData\Local\Temp\surefire2041843280805747840\surefirebooter15829643430431463483.jar"/>
    <property name="user.script" value=""/>
    <property name="sun.management.compiler" value="HotSpot 64-Bit Tiered Compilers"/>
    <property name="java.runtime.version" value="11.0.0.2+2-2"/>
    <property name="user.name" value="stive"/>
    <property name="path.separator" value=";"/>
    <property name="os.version" value="10.0"/>
    <property name="java.runtime.name" value="OpenJDK Runtime Environment"/>
    <property name="file.encoding" value="Cp1252"/>
    <property name="java.vm.name" value="OpenJDK 64-Bit Server VM"/>
    <property name="java.vendor.version" value="18.9"/>
    <property name="localRepository" value="C:\Users\stive\.m2\repository"/>
    <property name="java.vendor.url.bug" value="http://bugreport.java.com/bugreport/"/>
    <property name="java.io.tmpdir" value="C:\Users\stive\AppData\Local\Temp\"/>
    <property name="java.version" value="11.0.0.2"/>
    <property name="user.dir" value="C:\Users\stive\Documents\GitHub\Servicio_Blade"/>
    <property name="os.arch" value="amd64"/>
    <property name="java.vm.specification.name" value="Java Virtual Machine Specification"/>
    <property name="java.awt.printerjob" value="sun.awt.windows.WPrinterJob"/>
    <property name="sun.os.patch.level" value=""/>
    <property name="java.library.path" value="C:\Users\stive\Downloads\openjdk-11.0.0.2_windows-x64\jdk-11.0.0.2\bin;C:\WINDOWS\Sun\Java\bin;C:\WINDOWS\system32;C:\WINDOWS;C:\Program Files\Eclipse Adoptium\jdk-21.0.3.9-hotspot\bin;C:\Program Files\Common Files\Oracle\Java\javapath;C:\WINDOWS\system32;C:\WINDOWS;C:\WINDOWS\System32\Wbem;C:\WINDOWS\System32\WindowsPowerShell\v1.0\;C:\WINDOWS\System32\OpenSSH\;C:\Program Files\Git\cmd;C:\Users\stive\;C:\Maven\apache-maven-3.9.6\bin;C:\dev\flutter\bin;C:\dev\kotlin\kotlinc\bin;;C:\Program Files\Docker\Docker\resources\bin;C:\Program Files\MySQL\MySQL Shell 8.0\bin\;C:\Users\stive\AppData\Local\Microsoft\WindowsApps;C:\Users\stive\AppData\Roaming\npm;C:\Maven\apache-maven-3.9.6\bin;C:\Users\stive\Downloads\dart-sdk\bin;C:\dev\flutter\bin;C:\Program Files\Android\Android Studio\bin;C:\Users\stive\AppData\Local\Programs\Microsoft VS Code\bin;C:\Users\stive\AppData\Local\GitHubDesktop\bin;."/>
    <property name="java.vendor" value="Oracle Corporation"/>
    <property name="java.vm.info" value="mixed mode"/>
    <property name="java.vm.version" value="11.0.0.2+2-2"/>
    <property name="java.specification.maintenance.version" value="3"/>
    <property name="sun.io.unicode.encoding" value="UnicodeLittle"/>
    <property name="java.class.version" value="55.0"/>
  </properties>
  <testcase name="shouldAnswerWithTrue" classname="com.example.blade.AppTest" time="0.004"/>
</testsuite>